# JRE version: Java(TM) SE Runtime Environment (11.0.1+13) (build 11.0.1+13-LTS)
# Java VM: Java HotSpot(TM) 64-Bit Server VM (11.0.1+13-LTS, mixed mode, tiered, compressed oops, g1 gc, windows-amd64)
Heap:
 garbage-first heap   total 262144K, used 23456K [0x0000000701600000, 0x0000000800000000)
  region size 1024K, 19 young (19456K), 13 survivors (13312K)
 Metaspace       used 35237K, capacity 36370K, committed 36504K, reserved 1081344K
  class space    used 4412K, capacity 4840K, committed 4864K, reserved 1048576K
GC Heap History (10 events):
Event: 1.403 GC heap before
{Heap before GC invocations=1 (full 0):
 garbage-first heap   total 262144K, used 15153K [0x0000000701600000, 0x0000000800000000)
  region size 1024K, 12 young (12288K), 2 survivors (2048K)
 Metaspace       used 14580K, capacity 15035K, committed 15104K, reserved 1062912K
  class space    used 1591K, capacity 1745K, committed 1792K, reserved 1048576K
}
Event: 1.405 GC heap after
{Heap after GC invocations=2 (full 0):
 garbage-first heap   total 262144K, used 6048K [0x0000000701600000, 0x0000000800000000)
  region size 1024K, 1 young (1024K), 1 survivors (1024K)
 Metaspace       used 14580K, capacity 15035K, committed 15104K, reserved 1062912K
  class space    used 1591K, capacity 1745K, committed 1792K, reserved 1048576K
}
Event: 1.680 GC heap before
{Heap before GC invocations=2 (full 0):
 garbage-first heap   total 262144K, used 31648K [0x0000000701600000, 0x0000000800000000)
  region size 1024K, 26 young (26624K), 1 survivors (1024K)
 Metaspace       used 19482K, capacity 20086K, committed 20352K, reserved 1067008K
  class space    used 2341K, capacity 2581K, committed 2688K, reserved 1048576K
}
Event: 1.683 GC heap after
{Heap after GC invocations=3 (full 0):
 garbage-first heap   total 262144K, used 7525K [0x0000000701600000, 0x0000000800000000)
  region size 1024K, 3 young (3072K), 3 survivors (3072K)
 Metaspace       used 19482K, capacity 20086K, committed 20352K, reserved 1067008K
  class space    used 2341K, capacity 2581K, committed 2688K, reserved 1048576K
}
Event: 1.747 GC heap before
{Heap before GC invocations=3 (full 0):
 garbage-first heap   total 262144K, used 13669K [0x0000000701600000, 0x0000000800000000)
  region size 1024K, 10 young (10240K), 3 survivors (3072K)
 Metaspace       used 20547K, capacity 21131K, committed 21248K, reserved 1067008K
  class space    used 2498K, capacity 2727K, committed 2816K, reserved 1048576K
}
Event: 1.750 GC heap after
{Heap after GC invocations=4 (full 0):
 garbage-first heap   total 262144K, used 7838K [0x0000000701600000, 0x0000000800000000)
  region size 1024K, 3 young (3072K), 3 survivors (3072K)
 Metaspace       used 20547K, capacity 21131K, committed 21248K, reserved 1067008K
  class space    used 2498K, capacity 2727K, committed 2816K, reserved 1048576K
}
Event: 2.374 GC heap before
{Heap before GC invocations=5 (full 0):
 garbage-first heap   total 262144K, used 47774K [0x0000000701600000, 0x0000000800000000)
  region size 1024K, 43 young (44032K), 3 survivors (3072K)
 Metaspace       used 27201K, capacity 28040K, committed 28288K, reserved 1073152K
  class space    used 3344K, capacity 3679K, committed 3712K, reserved 1048576K
}
Event: 2.381 GC heap after
{Heap after GC invocations=6 (full 0):
 garbage-first heap   total 262144K, used 9842K [0x0000000701600000, 0x0000000800000000)
  region size 1024K, 5 young (5120K), 5 survivors (5120K)
 Metaspace       used 27201K, capacity 28040K, committed 28288K, reserved 1073152K
  class space    used 3344K, capacity 3679K, committed 3712K, reserved 1048576K
}
Event: 3.539 GC heap before
{Heap before GC invocations=6 (full 0):
 garbage-first heap   total 262144K, used 89714K [0x0000000701600000, 0x0000000800000000)
  region size 1024K, 84 young (86016K), 5 survivors (5120K)
 Metaspace       used 34671K, capacity 35721K, committed 35840K, reserved 1081344K
  class space    used 4364K, capacity 4773K, committed 4864K, reserved 1048576K
}
Event: 3.558 GC heap after
{Heap after GC invocations=7 (full 0):
 garbage-first heap   total 262144K, used 18336K [0x0000000701600000, 0x0000000800000000)
  region size 1024K, 13 young (13312K), 13 survivors (13312K)
 Metaspace       used 34671K, capacity 35721K, committed 35840K, reserved 1081344K
  class space    used 4364K, capacity 4773K, committed 4864K, reserved 1048576K
}

